<?xml version="1.0" encoding="UTF-8"?>
<!-- Generated by org.testng.reporters.JUnitXMLReporter -->
<testsuite ignored="1" hostname="DESKTOP-5KUS9UE" failures="0" tests="1" name="Test(failed)(failed)" time="0.12" errors="0" timestamp="2023-07-17T15:13:11 IST">
  <testcase classname="testNGPackage2.Demo2" name="method4" time="0.017"/>
  <testcase classname="testNGPackage2.Demo2" name="method3" time="0.0">
    <ignored/>
  </testcase> <!-- method3 -->
</testsuite> <!-- Test(failed)(failed) -->
