<?xml version="1.0" encoding="UTF-8"?>
<testng-results ignored="0" total="3" passed="3" failed="0" skipped="0">
  <reporter-output>
    <line>
      <![CDATA[This is demo  in TestNG class]]>
    </line>
    <line>
      <![CDATA[This is Swapx TestNG Class$]]>
    </line>
    <line>
      <![CDATA[This is N TestNG Class]]>
    </line>
  </reporter-output>
  <suite started-at="2023-07-17T11:24:27 IST" name="Suite1" finished-at="2023-07-17T11:24:27 IST" duration-ms="99">
    <groups>
    </groups>
    <test started-at="2023-07-17T11:24:27 IST" name="Test1" finished-at="2023-07-17T11:24:27 IST" duration-ms="99">
      <class name="testNGPackage.Sumo">
        <test-method signature="N()[pri:0, instance:testNGPackage.Sumo@a38c7fe]" started-at="2023-07-17T11:24:27 IST" name="N" finished-at="2023-07-17T11:24:27 IST" duration-ms="2" status="PASS">
          <reporter-output>
            <line>
              <![CDATA[This is N TestNG Class]]>
            </line>
          </reporter-output>
        </test-method> <!-- N -->
      </class> <!-- testNGPackage.Sumo -->
      <class name="testNGPackage.Demo">
        <test-method signature="f()[pri:0, instance:testNGPackage.Demo@52b1beb6]" started-at="2023-07-17T11:24:27 IST" name="f" finished-at="2023-07-17T11:24:27 IST" duration-ms="13" status="PASS">
          <reporter-output>
            <line>
              <![CDATA[This is demo  in TestNG class]]>
            </line>
          </reporter-output>
        </test-method> <!-- f -->
      </class> <!-- testNGPackage.Demo -->
      <class name="testNGPackage.Remo">
        <test-method signature="S()[pri:0, instance:testNGPackage.Remo@4d5650ae]" started-at="2023-07-17T11:24:27 IST" name="S" finished-at="2023-07-17T11:24:27 IST" duration-ms="2" status="PASS">
          <reporter-output>
            <line>
              <![CDATA[This is Swapx TestNG Class$]]>
            </line>
          </reporter-output>
        </test-method> <!-- S -->
      </class> <!-- testNGPackage.Remo -->
    </test> <!-- Test1 -->
  </suite> <!-- Suite1 -->
</testng-results>
